

Started GET "/" for ::1 at 2016-02-03 14:28:38 -0800

ActiveRecord::PendingMigrationError (

Migrations are pending. To resolve this issue, run:

	bin/rake db:migrate RAILS_ENV=development

):
  activerecord (4.2.5.1) lib/active_record/migration.rb:392:in `check_pending!'
  activerecord (4.2.5.1) lib/active_record/migration.rb:373:in `call'
  actionpack (4.2.5.1) lib/action_dispatch/middleware/callbacks.rb:29:in `block in call'
  activesupport (4.2.5.1) lib/active_support/callbacks.rb:88:in `__run_callbacks__'
  activesupport (4.2.5.1) lib/active_support/callbacks.rb:778:in `_run_call_callbacks'
  activesupport (4.2.5.1) lib/active_support/callbacks.rb:81:in `run_callbacks'
  actionpack (4.2.5.1) lib/action_dispatch/middleware/callbacks.rb:27:in `call'
  actionpack (4.2.5.1) lib/action_dispatch/middleware/reloader.rb:73:in `call'
  actionpack (4.2.5.1) lib/action_dispatch/middleware/remote_ip.rb:78:in `call'
  actionpack (4.2.5.1) lib/action_dispatch/middleware/debug_exceptions.rb:17:in `call'
  web-console (2.3.0) lib/web_console/middleware.rb:28:in `block in call'
  web-console (2.3.0) lib/web_console/middleware.rb:18:in `catch'
  web-console (2.3.0) lib/web_console/middleware.rb:18:in `call'
  actionpack (4.2.5.1) lib/action_dispatch/middleware/show_exceptions.rb:30:in `call'
  railties (4.2.5.1) lib/rails/rack/logger.rb:38:in `call_app'
  railties (4.2.5.1) lib/rails/rack/logger.rb:20:in `block in call'
  activesupport (4.2.5.1) lib/active_support/tagged_logging.rb:68:in `block in tagged'
  activesupport (4.2.5.1) lib/active_support/tagged_logging.rb:26:in `tagged'
  activesupport (4.2.5.1) lib/active_support/tagged_logging.rb:68:in `tagged'
  railties (4.2.5.1) lib/rails/rack/logger.rb:20:in `call'
  actionpack (4.2.5.1) lib/action_dispatch/middleware/request_id.rb:21:in `call'
  rack (1.6.4) lib/rack/methodoverride.rb:22:in `call'
  rack (1.6.4) lib/rack/runtime.rb:18:in `call'
  activesupport (4.2.5.1) lib/active_support/cache/strategy/local_cache_middleware.rb:28:in `call'
  rack (1.6.4) lib/rack/lock.rb:17:in `call'
  actionpack (4.2.5.1) lib/action_dispatch/middleware/static.rb:116:in `call'
  rack (1.6.4) lib/rack/sendfile.rb:113:in `call'
  railties (4.2.5.1) lib/rails/engine.rb:518:in `call'
  railties (4.2.5.1) lib/rails/application.rb:165:in `call'
  rack (1.6.4) lib/rack/lock.rb:17:in `call'
  rack (1.6.4) lib/rack/content_length.rb:15:in `call'
  rack (1.6.4) lib/rack/handler/webrick.rb:88:in `service'
  /Users/jacobtran/.rbenv/versions/2.2.3/lib/ruby/2.2.0/webrick/httpserver.rb:138:in `service'
  /Users/jacobtran/.rbenv/versions/2.2.3/lib/ruby/2.2.0/webrick/httpserver.rb:94:in `run'
  /Users/jacobtran/.rbenv/versions/2.2.3/lib/ruby/2.2.0/webrick/server.rb:294:in `block in start_thread'


  Rendered /Users/jacobtran/.rbenv/versions/2.2.3/lib/ruby/gems/2.2.0/gems/actionpack-4.2.5.1/lib/action_dispatch/middleware/templates/rescues/_source.erb (2.7ms)
  Rendered /Users/jacobtran/.rbenv/versions/2.2.3/lib/ruby/gems/2.2.0/gems/actionpack-4.2.5.1/lib/action_dispatch/middleware/templates/rescues/_trace.html.erb (19.5ms)
  Rendered /Users/jacobtran/.rbenv/versions/2.2.3/lib/ruby/gems/2.2.0/gems/actionpack-4.2.5.1/lib/action_dispatch/middleware/templates/rescues/_request_and_response.html.erb (2.1ms)
  Rendered /Users/jacobtran/.rbenv/versions/2.2.3/lib/ruby/gems/2.2.0/gems/actionpack-4.2.5.1/lib/action_dispatch/middleware/templates/rescues/diagnostics.html.erb within rescues/layout (102.7ms)
  Rendered /Users/jacobtran/.rbenv/versions/2.2.3/lib/ruby/gems/2.2.0/gems/web-console-2.3.0/lib/web_console/templates/_markup.html.erb (0.5ms)
  Rendered /Users/jacobtran/.rbenv/versions/2.2.3/lib/ruby/gems/2.2.0/gems/web-console-2.3.0/lib/web_console/templates/_inner_console_markup.html.erb within layouts/inlined_string (0.4ms)
  Rendered /Users/jacobtran/.rbenv/versions/2.2.3/lib/ruby/gems/2.2.0/gems/web-console-2.3.0/lib/web_console/templates/_prompt_box_markup.html.erb within layouts/inlined_string (0.4ms)
  Rendered /Users/jacobtran/.rbenv/versions/2.2.3/lib/ruby/gems/2.2.0/gems/web-console-2.3.0/lib/web_console/templates/style.css.erb within layouts/inlined_string (0.4ms)
  Rendered /Users/jacobtran/.rbenv/versions/2.2.3/lib/ruby/gems/2.2.0/gems/web-console-2.3.0/lib/web_console/templates/console.js.erb within layouts/javascript (90.1ms)
  Rendered /Users/jacobtran/.rbenv/versions/2.2.3/lib/ruby/gems/2.2.0/gems/web-console-2.3.0/lib/web_console/templates/main.js.erb within layouts/javascript (0.8ms)
  Rendered /Users/jacobtran/.rbenv/versions/2.2.3/lib/ruby/gems/2.2.0/gems/web-console-2.3.0/lib/web_console/templates/error_page.js.erb within layouts/javascript (0.5ms)
  Rendered /Users/jacobtran/.rbenv/versions/2.2.3/lib/ruby/gems/2.2.0/gems/web-console-2.3.0/lib/web_console/templates/index.html.erb (199.8ms)
  [1m[36m (1.7ms)[0m  [1mCREATE TABLE "schema_migrations" ("version" varchar NOT NULL) [0m
  [1m[35m (0.7ms)[0m  select sqlite_version(*)
  [1m[36m (2.1ms)[0m  [1mCREATE UNIQUE INDEX "unique_schema_migrations" ON "schema_migrations" ("version")[0m
  [1m[35mActiveRecord::SchemaMigration Load (0.2ms)[0m  SELECT "schema_migrations".* FROM "schema_migrations"
Migrating to CreateProducts (20160203195341)
  [1m[36m (0.1ms)[0m  [1mbegin transaction[0m
  [1m[35m (0.6ms)[0m  CREATE TABLE "products" ("id" INTEGER PRIMARY KEY AUTOINCREMENT NOT NULL, "name" varchar, "description" text, "price" decimal(10,2), "created_at" datetime NOT NULL, "updated_at" datetime NOT NULL) 
  [1m[36mSQL (0.4ms)[0m  [1mINSERT INTO "schema_migrations" ("version") VALUES (?)[0m  [["version", "20160203195341"]]
  [1m[35m (1.1ms)[0m  commit transaction
  [1m[36mActiveRecord::SchemaMigration Load (0.4ms)[0m  [1mSELECT "schema_migrations".* FROM "schema_migrations"[0m


Started GET "/" for ::1 at 2016-02-03 14:55:56 -0800
  [1m[36mActiveRecord::SchemaMigration Load (0.5ms)[0m  [1mSELECT "schema_migrations".* FROM "schema_migrations"[0m
Processing by ProductsController#index as HTML
  [1m[35mProduct Load (0.8ms)[0m  SELECT "products".* FROM "products"
  Rendered products/index.html.erb within layouts/application (7.5ms)
Completed 200 OK in 1895ms (Views: 1877.5ms | ActiveRecord: 1.0ms)


Started GET "/assets/product.self-e3b0c44298fc1c149afbf4c8996fb92427ae41e4649b934ca495991b7852b855.css?body=1" for ::1 at 2016-02-03 14:55:59 -0800


Started GET "/assets/product.self-877aef30ae1b040ab8a3aba4e3e309a11d7f2612f44dde450b5c157aa5f95c05.js?body=1" for ::1 at 2016-02-03 14:55:59 -0800


Started GET "/products/1" for ::1 at 2016-02-03 14:56:05 -0800
Processing by ProductsController#show as HTML
  Parameters: {"id"=>"1"}
  [1m[36mProduct Load (0.3ms)[0m  [1mSELECT  "products".* FROM "products" WHERE "products"."id" = ? LIMIT 1[0m  [["id", 1]]
Completed 404 Not Found in 42ms (ActiveRecord: 0.7ms)

ActiveRecord::RecordNotFound (Couldn't find Product with 'id'=1):
  app/controllers/products_controller.rb:22:in `show'


  Rendered /Users/jacobtran/.rbenv/versions/2.2.3/lib/ruby/gems/2.2.0/gems/actionpack-4.2.5.1/lib/action_dispatch/middleware/templates/rescues/_source.erb (4.3ms)
  Rendered /Users/jacobtran/.rbenv/versions/2.2.3/lib/ruby/gems/2.2.0/gems/actionpack-4.2.5.1/lib/action_dispatch/middleware/templates/rescues/_trace.html.erb (2.1ms)
  Rendered /Users/jacobtran/.rbenv/versions/2.2.3/lib/ruby/gems/2.2.0/gems/actionpack-4.2.5.1/lib/action_dispatch/middleware/templates/rescues/_request_and_response.html.erb (1.6ms)
  Rendered /Users/jacobtran/.rbenv/versions/2.2.3/lib/ruby/gems/2.2.0/gems/actionpack-4.2.5.1/lib/action_dispatch/middleware/templates/rescues/diagnostics.html.erb within rescues/layout (84.3ms)
  Rendered /Users/jacobtran/.rbenv/versions/2.2.3/lib/ruby/gems/2.2.0/gems/web-console-2.3.0/lib/web_console/templates/_markup.html.erb (0.6ms)
  Rendered /Users/jacobtran/.rbenv/versions/2.2.3/lib/ruby/gems/2.2.0/gems/web-console-2.3.0/lib/web_console/templates/_inner_console_markup.html.erb within layouts/inlined_string (0.7ms)
  Rendered /Users/jacobtran/.rbenv/versions/2.2.3/lib/ruby/gems/2.2.0/gems/web-console-2.3.0/lib/web_console/templates/_prompt_box_markup.html.erb within layouts/inlined_string (0.5ms)
  Rendered /Users/jacobtran/.rbenv/versions/2.2.3/lib/ruby/gems/2.2.0/gems/web-console-2.3.0/lib/web_console/templates/style.css.erb within layouts/inlined_string (0.4ms)
  Rendered /Users/jacobtran/.rbenv/versions/2.2.3/lib/ruby/gems/2.2.0/gems/web-console-2.3.0/lib/web_console/templates/console.js.erb within layouts/javascript (91.8ms)
  Rendered /Users/jacobtran/.rbenv/versions/2.2.3/lib/ruby/gems/2.2.0/gems/web-console-2.3.0/lib/web_console/templates/main.js.erb within layouts/javascript (0.3ms)
  Rendered /Users/jacobtran/.rbenv/versions/2.2.3/lib/ruby/gems/2.2.0/gems/web-console-2.3.0/lib/web_console/templates/error_page.js.erb within layouts/javascript (0.4ms)
  Rendered /Users/jacobtran/.rbenv/versions/2.2.3/lib/ruby/gems/2.2.0/gems/web-console-2.3.0/lib/web_console/templates/index.html.erb (180.5ms)


Started GET "/products/new" for ::1 at 2016-02-03 14:57:25 -0800
Processing by ProductsController#new as HTML
  Rendered products/new.html.erb within layouts/application (80.7ms)
Completed 200 OK in 164ms (Views: 143.4ms | ActiveRecord: 0.0ms)


Started POST "/products" for ::1 at 2016-02-03 14:57:31 -0800
Processing by ProductsController#create as HTML
  Parameters: {"utf8"=>"✓", "authenticity_token"=>"1BFbKmCWVutI2mcZSfZQMCIiOH18BCv+nSapvQ3Xbh9Z0+5y5r37v5AT85LUtADRz+DntiFOxgC6x93CeGnoIw==", "product"=>{"name"=>"asldkjf", "description"=>"asdl;kfj", "price"=>"10"}, "commit"=>"Create Product"}
  [1m[35m (2.8ms)[0m  begin transaction
  [1m[36mProduct Exists (0.4ms)[0m  [1mSELECT  1 AS one FROM "products" WHERE LOWER("products"."name") = LOWER('asldkjf') LIMIT 1[0m
  [1m[35mSQL (2.2ms)[0m  INSERT INTO "products" ("name", "description", "price", "created_at", "updated_at") VALUES (?, ?, ?, ?, ?)  [["name", "asldkjf"], ["description", "asdl;kfj"], ["price", 10.0], ["created_at", "2016-02-03 22:57:32.051506"], ["updated_at", "2016-02-03 22:57:32.051506"]]
  [1m[36m (2.0ms)[0m  [1mcommit transaction[0m
  Rendered text template (0.0ms)
Completed 200 OK in 103ms (Views: 2.9ms | ActiveRecord: 7.4ms)


Started GET "/products/0" for ::1 at 2016-02-03 14:57:36 -0800
Processing by ProductsController#show as HTML
  Parameters: {"id"=>"0"}
  [1m[35mProduct Load (0.1ms)[0m  SELECT  "products".* FROM "products" WHERE "products"."id" = ? LIMIT 1  [["id", 0]]
Completed 404 Not Found in 4ms (ActiveRecord: 0.1ms)

ActiveRecord::RecordNotFound (Couldn't find Product with 'id'=0):
  app/controllers/products_controller.rb:22:in `show'


  Rendered /Users/jacobtran/.rbenv/versions/2.2.3/lib/ruby/gems/2.2.0/gems/actionpack-4.2.5.1/lib/action_dispatch/middleware/templates/rescues/_source.erb (19.1ms)
  Rendered /Users/jacobtran/.rbenv/versions/2.2.3/lib/ruby/gems/2.2.0/gems/actionpack-4.2.5.1/lib/action_dispatch/middleware/templates/rescues/_trace.html.erb (10.0ms)
  Rendered /Users/jacobtran/.rbenv/versions/2.2.3/lib/ruby/gems/2.2.0/gems/actionpack-4.2.5.1/lib/action_dispatch/middleware/templates/rescues/_request_and_response.html.erb (4.7ms)
  Rendered /Users/jacobtran/.rbenv/versions/2.2.3/lib/ruby/gems/2.2.0/gems/actionpack-4.2.5.1/lib/action_dispatch/middleware/templates/rescues/diagnostics.html.erb within rescues/layout (126.3ms)
  Rendered /Users/jacobtran/.rbenv/versions/2.2.3/lib/ruby/gems/2.2.0/gems/web-console-2.3.0/lib/web_console/templates/_markup.html.erb (0.9ms)
  Rendered /Users/jacobtran/.rbenv/versions/2.2.3/lib/ruby/gems/2.2.0/gems/web-console-2.3.0/lib/web_console/templates/_inner_console_markup.html.erb within layouts/inlined_string (0.8ms)
  Rendered /Users/jacobtran/.rbenv/versions/2.2.3/lib/ruby/gems/2.2.0/gems/web-console-2.3.0/lib/web_console/templates/_prompt_box_markup.html.erb within layouts/inlined_string (0.7ms)
  Rendered /Users/jacobtran/.rbenv/versions/2.2.3/lib/ruby/gems/2.2.0/gems/web-console-2.3.0/lib/web_console/templates/style.css.erb within layouts/inlined_string (0.9ms)
  Rendered /Users/jacobtran/.rbenv/versions/2.2.3/lib/ruby/gems/2.2.0/gems/web-console-2.3.0/lib/web_console/templates/console.js.erb within layouts/javascript (87.8ms)
  Rendered /Users/jacobtran/.rbenv/versions/2.2.3/lib/ruby/gems/2.2.0/gems/web-console-2.3.0/lib/web_console/templates/main.js.erb within layouts/javascript (0.6ms)
  Rendered /Users/jacobtran/.rbenv/versions/2.2.3/lib/ruby/gems/2.2.0/gems/web-console-2.3.0/lib/web_console/templates/error_page.js.erb within layouts/javascript (0.6ms)
  Rendered /Users/jacobtran/.rbenv/versions/2.2.3/lib/ruby/gems/2.2.0/gems/web-console-2.3.0/lib/web_console/templates/index.html.erb (184.0ms)


Started GET "/products/1" for ::1 at 2016-02-03 14:57:39 -0800
Processing by ProductsController#show as HTML
  Parameters: {"id"=>"1"}
  [1m[36mProduct Load (0.2ms)[0m  [1mSELECT  "products".* FROM "products" WHERE "products"."id" = ? LIMIT 1[0m  [["id", 1]]
  Rendered products/show.html.erb within layouts/application (14.8ms)
Completed 200 OK in 66ms (Views: 63.9ms | ActiveRecord: 0.2ms)


Started GET "/" for ::1 at 2016-02-03 14:57:43 -0800
Processing by ProductsController#index as HTML
  [1m[35mProduct Load (0.2ms)[0m  SELECT "products".* FROM "products"
  Rendered products/index.html.erb within layouts/application (1.1ms)
Completed 200 OK in 26ms (Views: 24.9ms | ActiveRecord: 0.2ms)


Started GET "/products/1" for ::1 at 2016-02-03 14:57:45 -0800
Processing by ProductsController#show as HTML
  Parameters: {"id"=>"1"}
  [1m[36mProduct Load (0.2ms)[0m  [1mSELECT  "products".* FROM "products" WHERE "products"."id" = ? LIMIT 1[0m  [["id", 1]]
  Rendered products/show.html.erb within layouts/application (2.5ms)
Completed 200 OK in 28ms (Views: 26.6ms | ActiveRecord: 0.2ms)


Started GET "/products/1" for ::1 at 2016-02-03 15:06:35 -0800
Processing by ProductsController#show as HTML
  Parameters: {"id"=>"1"}
  [1m[35mProduct Load (0.8ms)[0m  SELECT  "products".* FROM "products" WHERE "products"."id" = ? LIMIT 1  [["id", 1]]
  Rendered products/show.html.erb within layouts/application (3.1ms)
Completed 200 OK in 97ms (Views: 74.5ms | ActiveRecord: 1.7ms)


Started GET "/products/1234" for ::1 at 2016-02-03 15:07:49 -0800
Processing by ProductsController#show as HTML
  Parameters: {"id"=>"1234"}
  [1m[36mProduct Load (0.8ms)[0m  [1mSELECT  "products".* FROM "products" WHERE "products"."id" = ? LIMIT 1[0m  [["id", 1234]]
Completed 404 Not Found in 17ms (ActiveRecord: 0.8ms)

ActiveRecord::RecordNotFound (Couldn't find Product with 'id'=1234):
  app/controllers/products_controller.rb:18:in `show'


  Rendered /Users/jacobtran/.rbenv/versions/2.2.3/lib/ruby/gems/2.2.0/gems/actionpack-4.2.5.1/lib/action_dispatch/middleware/templates/rescues/_source.erb (17.1ms)
  Rendered /Users/jacobtran/.rbenv/versions/2.2.3/lib/ruby/gems/2.2.0/gems/actionpack-4.2.5.1/lib/action_dispatch/middleware/templates/rescues/_trace.html.erb (23.2ms)
  Rendered /Users/jacobtran/.rbenv/versions/2.2.3/lib/ruby/gems/2.2.0/gems/actionpack-4.2.5.1/lib/action_dispatch/middleware/templates/rescues/_request_and_response.html.erb (2.9ms)
  Rendered /Users/jacobtran/.rbenv/versions/2.2.3/lib/ruby/gems/2.2.0/gems/actionpack-4.2.5.1/lib/action_dispatch/middleware/templates/rescues/diagnostics.html.erb within rescues/layout (161.2ms)
  Rendered /Users/jacobtran/.rbenv/versions/2.2.3/lib/ruby/gems/2.2.0/gems/web-console-2.3.0/lib/web_console/templates/_markup.html.erb (0.6ms)
  Rendered /Users/jacobtran/.rbenv/versions/2.2.3/lib/ruby/gems/2.2.0/gems/web-console-2.3.0/lib/web_console/templates/_inner_console_markup.html.erb within layouts/inlined_string (0.6ms)
  Rendered /Users/jacobtran/.rbenv/versions/2.2.3/lib/ruby/gems/2.2.0/gems/web-console-2.3.0/lib/web_console/templates/_prompt_box_markup.html.erb within layouts/inlined_string (0.8ms)
  Rendered /Users/jacobtran/.rbenv/versions/2.2.3/lib/ruby/gems/2.2.0/gems/web-console-2.3.0/lib/web_console/templates/style.css.erb within layouts/inlined_string (0.9ms)
  Rendered /Users/jacobtran/.rbenv/versions/2.2.3/lib/ruby/gems/2.2.0/gems/web-console-2.3.0/lib/web_console/templates/console.js.erb within layouts/javascript (90.7ms)
  Rendered /Users/jacobtran/.rbenv/versions/2.2.3/lib/ruby/gems/2.2.0/gems/web-console-2.3.0/lib/web_console/templates/main.js.erb within layouts/javascript (0.7ms)
  Rendered /Users/jacobtran/.rbenv/versions/2.2.3/lib/ruby/gems/2.2.0/gems/web-console-2.3.0/lib/web_console/templates/error_page.js.erb within layouts/javascript (0.5ms)
  Rendered /Users/jacobtran/.rbenv/versions/2.2.3/lib/ruby/gems/2.2.0/gems/web-console-2.3.0/lib/web_console/templates/index.html.erb (183.5ms)


Started GET "/products/" for ::1 at 2016-02-03 15:07:55 -0800
Processing by ProductsController#index as HTML
  [1m[35mProduct Load (0.3ms)[0m  SELECT "products".* FROM "products"
  Rendered products/index.html.erb within layouts/application (5.5ms)
Completed 200 OK in 50ms (Views: 48.8ms | ActiveRecord: 0.3ms)


Started GET "/products/new" for ::1 at 2016-02-03 15:08:04 -0800
Processing by ProductsController#new as HTML
  Rendered products/new.html.erb within layouts/application (7.9ms)
Completed 200 OK in 91ms (Views: 83.8ms | ActiveRecord: 0.0ms)


Started GET "/products/1" for ::1 at 2016-02-03 15:08:22 -0800
Processing by ProductsController#show as HTML
  Parameters: {"id"=>"1"}
  [1m[36mProduct Load (0.4ms)[0m  [1mSELECT  "products".* FROM "products" WHERE "products"."id" = ? LIMIT 1[0m  [["id", 1]]
  Rendered products/show.html.erb within layouts/application (3.5ms)
Completed 200 OK in 64ms (Views: 59.9ms | ActiveRecord: 0.4ms)


Started GET "/" for ::1 at 2016-02-03 16:11:36 -0800
  [1m[36mActiveRecord::SchemaMigration Load (0.6ms)[0m  [1mSELECT "schema_migrations".* FROM "schema_migrations"[0m
Processing by ProductsController#index as HTML
  [1m[35mProduct Load (0.7ms)[0m  SELECT "products".* FROM "products"
  Rendered products/index.html.erb within layouts/application (9.8ms)
Completed 200 OK in 305ms (Views: 289.1ms | ActiveRecord: 1.1ms)


Started GET "/products/1" for ::1 at 2016-02-03 16:11:40 -0800
Processing by ProductsController#show as HTML
  Parameters: {"id"=>"1"}
  [1m[36mProduct Load (0.3ms)[0m  [1mSELECT  "products".* FROM "products" WHERE "products"."id" = ? LIMIT 1[0m  [["id", 1]]
  Rendered products/show.html.erb within layouts/application (24.7ms)
Completed 200 OK in 68ms (Views: 44.3ms | ActiveRecord: 0.3ms)


Started GET "/products/1/edit" for ::1 at 2016-02-03 16:11:41 -0800
Processing by ProductsController#edit as HTML
  Parameters: {"id"=>"1"}
  [1m[35mProduct Load (0.1ms)[0m  SELECT  "products".* FROM "products" WHERE "products"."id" = ? LIMIT 1  [["id", 1]]
  Rendered products/edit.html.erb within layouts/application (25.1ms)
Completed 200 OK in 50ms (Views: 48.6ms | ActiveRecord: 0.1ms)


Started PATCH "/products/1" for ::1 at 2016-02-03 16:11:42 -0800
Processing by ProductsController#update as HTML
  Parameters: {"utf8"=>"✓", "authenticity_token"=>"ZFdg/PUwZjciaBPAyz/cWMwe92mEjRitI3FL2AYIG0PpldWkcxvLY/qhh0tWfYy5IdwootnH9VMEkD+nc7adfw==", "product"=>{"name"=>"asldkjf", "description"=>"asdl;kfj", "price"=>"10.0"}, "commit"=>"Update Product", "id"=>"1"}
  [1m[36mProduct Load (0.1ms)[0m  [1mSELECT  "products".* FROM "products" WHERE "products"."id" = ? LIMIT 1[0m  [["id", 1]]
Unpermitted parameters: name, description, price
  [1m[35m (0.2ms)[0m  begin transaction
  [1m[36mProduct Exists (0.9ms)[0m  [1mSELECT  1 AS one FROM "products" WHERE (LOWER("products"."name") = LOWER('asldkjf') AND "products"."id" != 1) LIMIT 1[0m
  [1m[35m (0.1ms)[0m  commit transaction
Redirected to http://localhost:3000/products/1
Completed 302 Found in 93ms (ActiveRecord: 1.3ms)


Started GET "/products/1" for ::1 at 2016-02-03 16:11:42 -0800
Processing by ProductsController#show as HTML
  Parameters: {"id"=>"1"}
  [1m[36mProduct Load (0.1ms)[0m  [1mSELECT  "products".* FROM "products" WHERE "products"."id" = ? LIMIT 1[0m  [["id", 1]]
  Rendered products/show.html.erb within layouts/application (1.7ms)
Completed 200 OK in 37ms (Views: 35.2ms | ActiveRecord: 0.1ms)


Started DELETE "/products/1" for ::1 at 2016-02-03 16:11:44 -0800
Processing by ProductsController#destroy as HTML
  Parameters: {"authenticity_token"=>"SmiMTVIuRCNimDNY5ikCLG6vRVDYte+tUfvxh7rnixXHqjkV1AXpd7pRp9N7a1LNg22am4X/AlN2GoX4z1kNKQ==", "id"=>"1"}
  [1m[35mProduct Load (0.2ms)[0m  SELECT  "products".* FROM "products" WHERE "products"."id" = ? LIMIT 1  [["id", 1]]
  [1m[36m (0.1ms)[0m  [1mbegin transaction[0m
  [1m[35mSQL (0.7ms)[0m  DELETE FROM "products" WHERE "products"."id" = ?  [["id", 1]]
  [1m[36m (4.4ms)[0m  [1mcommit transaction[0m
Redirected to http://localhost:3000/products/1
Completed 302 Found in 11ms (ActiveRecord: 5.4ms)


Started GET "/products/1" for ::1 at 2016-02-03 16:11:44 -0800
Processing by ProductsController#show as HTML
  Parameters: {"id"=>"1"}
  [1m[35mProduct Load (0.2ms)[0m  SELECT  "products".* FROM "products" WHERE "products"."id" = ? LIMIT 1  [["id", 1]]
Completed 404 Not Found in 3ms (ActiveRecord: 0.2ms)

ActiveRecord::RecordNotFound (Couldn't find Product with 'id'=1):
  app/controllers/products_controller.rb:18:in `show'


  Rendered /Users/jacobtran/.rbenv/versions/2.2.3/lib/ruby/gems/2.2.0/gems/actionpack-4.2.5.1/lib/action_dispatch/middleware/templates/rescues/_source.erb (8.5ms)
  Rendered /Users/jacobtran/.rbenv/versions/2.2.3/lib/ruby/gems/2.2.0/gems/actionpack-4.2.5.1/lib/action_dispatch/middleware/templates/rescues/_trace.html.erb (9.2ms)
  Rendered /Users/jacobtran/.rbenv/versions/2.2.3/lib/ruby/gems/2.2.0/gems/actionpack-4.2.5.1/lib/action_dispatch/middleware/templates/rescues/_request_and_response.html.erb (2.7ms)
  Rendered /Users/jacobtran/.rbenv/versions/2.2.3/lib/ruby/gems/2.2.0/gems/actionpack-4.2.5.1/lib/action_dispatch/middleware/templates/rescues/diagnostics.html.erb within rescues/layout (103.5ms)
  Rendered /Users/jacobtran/.rbenv/versions/2.2.3/lib/ruby/gems/2.2.0/gems/web-console-2.3.0/lib/web_console/templates/_markup.html.erb (0.8ms)
  Rendered /Users/jacobtran/.rbenv/versions/2.2.3/lib/ruby/gems/2.2.0/gems/web-console-2.3.0/lib/web_console/templates/_inner_console_markup.html.erb within layouts/inlined_string (0.4ms)
  Rendered /Users/jacobtran/.rbenv/versions/2.2.3/lib/ruby/gems/2.2.0/gems/web-console-2.3.0/lib/web_console/templates/_prompt_box_markup.html.erb within layouts/inlined_string (0.4ms)
  Rendered /Users/jacobtran/.rbenv/versions/2.2.3/lib/ruby/gems/2.2.0/gems/web-console-2.3.0/lib/web_console/templates/style.css.erb within layouts/inlined_string (0.4ms)
  Rendered /Users/jacobtran/.rbenv/versions/2.2.3/lib/ruby/gems/2.2.0/gems/web-console-2.3.0/lib/web_console/templates/console.js.erb within layouts/javascript (89.9ms)
  Rendered /Users/jacobtran/.rbenv/versions/2.2.3/lib/ruby/gems/2.2.0/gems/web-console-2.3.0/lib/web_console/templates/main.js.erb within layouts/javascript (1.5ms)
  Rendered /Users/jacobtran/.rbenv/versions/2.2.3/lib/ruby/gems/2.2.0/gems/web-console-2.3.0/lib/web_console/templates/error_page.js.erb within layouts/javascript (0.6ms)
  Rendered /Users/jacobtran/.rbenv/versions/2.2.3/lib/ruby/gems/2.2.0/gems/web-console-2.3.0/lib/web_console/templates/index.html.erb (198.1ms)


Started GET "/products/new" for ::1 at 2016-02-03 16:13:31 -0800
Processing by ProductsController#new as HTML
  Rendered products/new.html.erb within layouts/application (5.9ms)
Completed 200 OK in 97ms (Views: 49.7ms | ActiveRecord: 0.8ms)


Started POST "/products" for ::1 at 2016-02-03 16:13:38 -0800
Processing by ProductsController#create as HTML
  Parameters: {"utf8"=>"✓", "authenticity_token"=>"W7jzOHpfBa+njfNjVTIM17tUHQRMf2LH/aQTp8uZeUjWekZg/HSo+39EZ+jIcFw2VpbCzxE1jznaRWfYvif/dA==", "product"=>{"name"=>"kljjlk", "description"=>"lkjlkjl", "price"=>"10"}, "commit"=>"Create Product"}
  [1m[36m (0.2ms)[0m  [1mbegin transaction[0m
  [1m[35mProduct Exists (0.2ms)[0m  SELECT  1 AS one FROM "products" WHERE LOWER("products"."name") = LOWER('kljjlk') LIMIT 1
  [1m[36mSQL (0.9ms)[0m  [1mINSERT INTO "products" ("name", "description", "price", "created_at", "updated_at") VALUES (?, ?, ?, ?, ?)[0m  [["name", "kljjlk"], ["description", "lkjlkjl"], ["price", 10.0], ["created_at", "2016-02-04 00:13:38.119991"], ["updated_at", "2016-02-04 00:13:38.119991"]]
  [1m[35m (0.9ms)[0m  commit transaction
  Rendered text template (0.0ms)
Completed 200 OK in 29ms (Views: 13.3ms | ActiveRecord: 2.2ms)


Started POST "/products" for ::1 at 2016-02-03 16:13:43 -0800
Processing by ProductsController#create as HTML
  Parameters: {"utf8"=>"✓", "authenticity_token"=>"W7jzOHpfBa+njfNjVTIM17tUHQRMf2LH/aQTp8uZeUjWekZg/HSo+39EZ+jIcFw2VpbCzxE1jznaRWfYvif/dA==", "product"=>{"name"=>"kljjlklkjklj", "description"=>"lkjlkjllkjlkj", "price"=>"100"}, "commit"=>"Create Product"}
  [1m[36m (0.1ms)[0m  [1mbegin transaction[0m
  [1m[35mProduct Exists (0.2ms)[0m  SELECT  1 AS one FROM "products" WHERE LOWER("products"."name") = LOWER('kljjlklkjklj') LIMIT 1
  [1m[36mSQL (0.3ms)[0m  [1mINSERT INTO "products" ("name", "description", "price", "created_at", "updated_at") VALUES (?, ?, ?, ?, ?)[0m  [["name", "kljjlklkjklj"], ["description", "lkjlkjllkjlkj"], ["price", 100.0], ["created_at", "2016-02-04 00:13:43.777267"], ["updated_at", "2016-02-04 00:13:43.777267"]]
  [1m[35m (1.2ms)[0m  commit transaction
  Rendered text template (0.0ms)
Completed 200 OK in 7ms (Views: 0.3ms | ActiveRecord: 1.7ms)


Started POST "/products" for ::1 at 2016-02-03 16:13:48 -0800
Processing by ProductsController#create as HTML
  Parameters: {"utf8"=>"✓", "authenticity_token"=>"W7jzOHpfBa+njfNjVTIM17tUHQRMf2LH/aQTp8uZeUjWekZg/HSo+39EZ+jIcFw2VpbCzxE1jznaRWfYvif/dA==", "product"=>{"name"=>"kljjlklkjkljkljlkj", "description"=>"lkjlkjllkjlkjkljlkj", "price"=>"1000"}, "commit"=>"Create Product"}
  [1m[36m (0.1ms)[0m  [1mbegin transaction[0m
  [1m[35mProduct Exists (0.2ms)[0m  SELECT  1 AS one FROM "products" WHERE LOWER("products"."name") = LOWER('kljjlklkjkljkljlkj') LIMIT 1
  [1m[36mSQL (0.3ms)[0m  [1mINSERT INTO "products" ("name", "description", "price", "created_at", "updated_at") VALUES (?, ?, ?, ?, ?)[0m  [["name", "kljjlklkjkljkljlkj"], ["description", "lkjlkjllkjlkjkljlkj"], ["price", 1000.0], ["created_at", "2016-02-04 00:13:48.483799"], ["updated_at", "2016-02-04 00:13:48.483799"]]
  [1m[35m (1.1ms)[0m  commit transaction
  Rendered text template (0.0ms)
Completed 200 OK in 7ms (Views: 0.7ms | ActiveRecord: 1.6ms)


Started GET "/" for ::1 at 2016-02-03 16:13:50 -0800
Processing by ProductsController#index as HTML
  [1m[36mProduct Load (0.3ms)[0m  [1mSELECT "products".* FROM "products"[0m
  Rendered products/index.html.erb within layouts/application (2.7ms)
Completed 200 OK in 39ms (Views: 37.3ms | ActiveRecord: 0.3ms)


Started GET "/products/2" for ::1 at 2016-02-03 16:13:51 -0800
Processing by ProductsController#show as HTML
  Parameters: {"id"=>"2"}
  [1m[35mProduct Load (0.3ms)[0m  SELECT  "products".* FROM "products" WHERE "products"."id" = ? LIMIT 1  [["id", 2]]
  Rendered products/show.html.erb within layouts/application (1.6ms)
Completed 200 OK in 31ms (Views: 28.1ms | ActiveRecord: 0.3ms)


Started DELETE "/products/2" for ::1 at 2016-02-03 16:13:52 -0800
Processing by ProductsController#destroy as HTML
  Parameters: {"authenticity_token"=>"dEL27tRweFLJVxjzpWBTHBoOj3rotb/GrLNke7aPn8H5gEO2UlvVBhGejHg4IgP998xQsbX/UjiLUhAEwzEZ/Q==", "id"=>"2"}
  [1m[36mProduct Load (0.1ms)[0m  [1mSELECT  "products".* FROM "products" WHERE "products"."id" = ? LIMIT 1[0m  [["id", 2]]
  [1m[35m (0.1ms)[0m  begin transaction
  [1m[36mSQL (0.3ms)[0m  [1mDELETE FROM "products" WHERE "products"."id" = ?[0m  [["id", 2]]
  [1m[35m (1.0ms)[0m  commit transaction
Redirected to http://localhost:3000/products/2
Completed 302 Found in 4ms (ActiveRecord: 1.5ms)


Started GET "/products/2" for ::1 at 2016-02-03 16:13:52 -0800
Processing by ProductsController#show as HTML
  Parameters: {"id"=>"2"}
  [1m[36mProduct Load (0.1ms)[0m  [1mSELECT  "products".* FROM "products" WHERE "products"."id" = ? LIMIT 1[0m  [["id", 2]]
Completed 404 Not Found in 2ms (ActiveRecord: 0.1ms)

ActiveRecord::RecordNotFound (Couldn't find Product with 'id'=2):
  app/controllers/products_controller.rb:18:in `show'


  Rendered /Users/jacobtran/.rbenv/versions/2.2.3/lib/ruby/gems/2.2.0/gems/actionpack-4.2.5.1/lib/action_dispatch/middleware/templates/rescues/_source.erb (6.8ms)
  Rendered /Users/jacobtran/.rbenv/versions/2.2.3/lib/ruby/gems/2.2.0/gems/actionpack-4.2.5.1/lib/action_dispatch/middleware/templates/rescues/_trace.html.erb (4.1ms)
  Rendered /Users/jacobtran/.rbenv/versions/2.2.3/lib/ruby/gems/2.2.0/gems/actionpack-4.2.5.1/lib/action_dispatch/middleware/templates/rescues/_request_and_response.html.erb (1.7ms)
  Rendered /Users/jacobtran/.rbenv/versions/2.2.3/lib/ruby/gems/2.2.0/gems/actionpack-4.2.5.1/lib/action_dispatch/middleware/templates/rescues/diagnostics.html.erb within rescues/layout (85.2ms)
  Rendered /Users/jacobtran/.rbenv/versions/2.2.3/lib/ruby/gems/2.2.0/gems/web-console-2.3.0/lib/web_console/templates/_markup.html.erb (0.6ms)
  Rendered /Users/jacobtran/.rbenv/versions/2.2.3/lib/ruby/gems/2.2.0/gems/web-console-2.3.0/lib/web_console/templates/_inner_console_markup.html.erb within layouts/inlined_string (0.4ms)
  Rendered /Users/jacobtran/.rbenv/versions/2.2.3/lib/ruby/gems/2.2.0/gems/web-console-2.3.0/lib/web_console/templates/_prompt_box_markup.html.erb within layouts/inlined_string (0.4ms)
  Rendered /Users/jacobtran/.rbenv/versions/2.2.3/lib/ruby/gems/2.2.0/gems/web-console-2.3.0/lib/web_console/templates/style.css.erb within layouts/inlined_string (0.5ms)
  Rendered /Users/jacobtran/.rbenv/versions/2.2.3/lib/ruby/gems/2.2.0/gems/web-console-2.3.0/lib/web_console/templates/console.js.erb within layouts/javascript (69.8ms)
  Rendered /Users/jacobtran/.rbenv/versions/2.2.3/lib/ruby/gems/2.2.0/gems/web-console-2.3.0/lib/web_console/templates/main.js.erb within layouts/javascript (0.6ms)
  Rendered /Users/jacobtran/.rbenv/versions/2.2.3/lib/ruby/gems/2.2.0/gems/web-console-2.3.0/lib/web_console/templates/error_page.js.erb within layouts/javascript (0.7ms)
  Rendered /Users/jacobtran/.rbenv/versions/2.2.3/lib/ruby/gems/2.2.0/gems/web-console-2.3.0/lib/web_console/templates/index.html.erb (145.2ms)


Started GET "/" for ::1 at 2016-02-03 16:14:33 -0800
Processing by ProductsController#index as HTML
  [1m[35mProduct Load (0.5ms)[0m  SELECT "products".* FROM "products"
  Rendered products/index.html.erb within layouts/application (20.3ms)
Completed 200 OK in 126ms (Views: 110.0ms | ActiveRecord: 1.3ms)


Started GET "/products/new" for ::1 at 2016-02-03 16:14:39 -0800
Processing by ProductsController#new as HTML
  Rendered products/new.html.erb within layouts/application (9.1ms)
Completed 200 OK in 52ms (Views: 51.3ms | ActiveRecord: 0.0ms)


Started POST "/products" for ::1 at 2016-02-03 16:14:44 -0800
Processing by ProductsController#create as HTML
  Parameters: {"utf8"=>"✓", "authenticity_token"=>"2E3A3MAGW3CeKrQydZWohqYymQC7zCsnsLxRGNKovhFVj3WERi32JEbjILno1/hnS/BGy+aGxtmXXSVnpxY4LQ==", "product"=>{"name"=>"lkjlkjlkj", "description"=>"lkjlkjlj", "price"=>"50"}, "commit"=>"Create Product"}
  [1m[36m (0.2ms)[0m  [1mbegin transaction[0m
  [1m[35mProduct Exists (0.3ms)[0m  SELECT  1 AS one FROM "products" WHERE LOWER("products"."name") = LOWER('lkjlkjlkj') LIMIT 1
  [1m[36mSQL (0.4ms)[0m  [1mINSERT INTO "products" ("name", "description", "price", "created_at", "updated_at") VALUES (?, ?, ?, ?, ?)[0m  [["name", "lkjlkjlkj"], ["description", "lkjlkjlj"], ["price", 50.0], ["created_at", "2016-02-04 00:14:44.323611"], ["updated_at", "2016-02-04 00:14:44.323611"]]
  [1m[35m (0.8ms)[0m  commit transaction
  Rendered text template (0.0ms)
Completed 200 OK in 12ms (Views: 0.5ms | ActiveRecord: 1.7ms)


Started GET "/" for ::1 at 2016-02-03 16:15:17 -0800
Processing by ProductsController#index as HTML
  [1m[36mProduct Load (0.7ms)[0m  [1mSELECT "products".* FROM "products"[0m
  Rendered products/index.html.erb within layouts/application (8.9ms)
Completed 200 OK in 78ms (Views: 72.9ms | ActiveRecord: 0.7ms)


Started GET "/products/3" for ::1 at 2016-02-03 16:15:19 -0800
Processing by ProductsController#show as HTML
  Parameters: {"id"=>"3"}
  [1m[35mProduct Load (0.3ms)[0m  SELECT  "products".* FROM "products" WHERE "products"."id" = ? LIMIT 1  [["id", 3]]
  Rendered products/show.html.erb within layouts/application (5.6ms)
Completed 200 OK in 40ms (Views: 35.8ms | ActiveRecord: 0.3ms)


Started GET "/products/3/edit" for ::1 at 2016-02-03 16:15:20 -0800
Processing by ProductsController#edit as HTML
  Parameters: {"id"=>"3"}
  [1m[36mProduct Load (0.1ms)[0m  [1mSELECT  "products".* FROM "products" WHERE "products"."id" = ? LIMIT 1[0m  [["id", 3]]
  Rendered products/edit.html.erb within layouts/application (4.7ms)
Completed 200 OK in 34ms (Views: 33.1ms | ActiveRecord: 0.1ms)


Started PATCH "/products/3" for ::1 at 2016-02-03 16:15:25 -0800
Processing by ProductsController#update as HTML
  Parameters: {"utf8"=>"✓", "authenticity_token"=>"QopE0iHXcrsSH+p19UcCv5io87DS7tCnuDxgK+ayksTPSPGKp/zf78rWfv5oBVJedWose4+kPVmf3RRUkwwU+A==", "product"=>{"name"=>"kljjlklkjklj", "description"=>"lkjlkjllkjlkjlkjlkj", "price"=>"120"}, "commit"=>"Update Product", "id"=>"3"}
  [1m[35mProduct Load (0.1ms)[0m  SELECT  "products".* FROM "products" WHERE "products"."id" = ? LIMIT 1  [["id", 3]]
Unpermitted parameters: name, description, price
  [1m[36m (0.3ms)[0m  [1mbegin transaction[0m
  [1m[35mProduct Exists (0.2ms)[0m  SELECT  1 AS one FROM "products" WHERE (LOWER("products"."name") = LOWER('kljjlklkjklj') AND "products"."id" != 3) LIMIT 1
  [1m[36m (0.2ms)[0m  [1mcommit transaction[0m
Redirected to http://localhost:3000/products/3
Completed 302 Found in 12ms (ActiveRecord: 0.8ms)


Started GET "/products/3" for ::1 at 2016-02-03 16:15:25 -0800
Processing by ProductsController#show as HTML
  Parameters: {"id"=>"3"}
  [1m[35mProduct Load (0.2ms)[0m  SELECT  "products".* FROM "products" WHERE "products"."id" = ? LIMIT 1  [["id", 3]]
  Rendered products/show.html.erb within layouts/application (1.1ms)
Completed 200 OK in 34ms (Views: 32.0ms | ActiveRecord: 0.2ms)


Started GET "/products/3" for ::1 at 2016-02-03 16:15:30 -0800
Processing by ProductsController#show as HTML
  Parameters: {"id"=>"3"}
  [1m[36mProduct Load (0.1ms)[0m  [1mSELECT  "products".* FROM "products" WHERE "products"."id" = ? LIMIT 1[0m  [["id", 3]]
  Rendered products/show.html.erb within layouts/application (1.1ms)
Completed 200 OK in 36ms (Views: 35.1ms | ActiveRecord: 0.1ms)


Started GET "/assets/product.self-e3b0c44298fc1c149afbf4c8996fb92427ae41e4649b934ca495991b7852b855.css?body=1" for ::1 at 2016-02-03 16:15:30 -0800


Started GET "/assets/jquery.self-c64a74367bda6ef8b860f19e74df08927ca99d2be2ac934e9e92d5fd361e0da4.js?body=1" for ::1 at 2016-02-03 16:15:30 -0800


Started GET "/assets/products.self-e3b0c44298fc1c149afbf4c8996fb92427ae41e4649b934ca495991b7852b855.css?body=1" for ::1 at 2016-02-03 16:15:30 -0800


Started GET "/assets/turbolinks.self-c37727e9bd6b2735da5c311aa83fead54ed0be6cc8bd9a65309e9c5abe2cbfff.js?body=1" for ::1 at 2016-02-03 16:15:30 -0800


Started GET "/assets/application.self-e80e8f2318043e8af94dddc2adad5a4f09739a8ebb323b3ab31cd71d45fd9113.css?body=1" for ::1 at 2016-02-03 16:15:30 -0800


Started GET "/assets/jquery_ujs.self-d602bdfe68ffc63b9f9cc512872aa3cfff046228a0a36e90dd476e8ef54c1b09.js?body=1" for ::1 at 2016-02-03 16:15:30 -0800


Started GET "/assets/product.self-877aef30ae1b040ab8a3aba4e3e309a11d7f2612f44dde450b5c157aa5f95c05.js?body=1" for ::1 at 2016-02-03 16:15:30 -0800


Started GET "/assets/products.self-877aef30ae1b040ab8a3aba4e3e309a11d7f2612f44dde450b5c157aa5f95c05.js?body=1" for ::1 at 2016-02-03 16:15:30 -0800


Started GET "/assets/application.self-3b8dabdc891efe46b9a144b400ad69e37d7e5876bdc39dee783419a69d7ca819.js?body=1" for ::1 at 2016-02-03 16:15:30 -0800


Started GET "/products/" for ::1 at 2016-02-03 16:15:46 -0800
Processing by ProductsController#index as HTML
  [1m[35mProduct Load (1.7ms)[0m  SELECT "products".* FROM "products"
  Rendered products/index.html.erb within layouts/application (14.8ms)
Completed 200 OK in 80ms (Views: 70.9ms | ActiveRecord: 1.7ms)


Started GET "/" for ::1 at 2016-02-03 16:15:48 -0800
Processing by ProductsController#index as HTML
  [1m[36mProduct Load (0.3ms)[0m  [1mSELECT "products".* FROM "products"[0m
  Rendered products/index.html.erb within layouts/application (1.2ms)
Completed 200 OK in 22ms (Views: 21.2ms | ActiveRecord: 0.3ms)


Started GET "/products/3" for ::1 at 2016-02-03 16:15:50 -0800
Processing by ProductsController#show as HTML
  Parameters: {"id"=>"3"}
  [1m[35mProduct Load (0.3ms)[0m  SELECT  "products".* FROM "products" WHERE "products"."id" = ? LIMIT 1  [["id", 3]]
  Rendered products/show.html.erb within layouts/application (4.1ms)
Completed 200 OK in 29ms (Views: 27.4ms | ActiveRecord: 0.3ms)


Started GET "/products/3/edit" for ::1 at 2016-02-03 16:15:51 -0800
Processing by ProductsController#edit as HTML
  Parameters: {"id"=>"3"}
  [1m[36mProduct Load (0.1ms)[0m  [1mSELECT  "products".* FROM "products" WHERE "products"."id" = ? LIMIT 1[0m  [["id", 3]]
  Rendered products/edit.html.erb within layouts/application (124.0ms)
Completed 200 OK in 150ms (Views: 148.0ms | ActiveRecord: 0.1ms)


Started PATCH "/products/3" for ::1 at 2016-02-03 16:15:56 -0800
Processing by ProductsController#update as HTML
  Parameters: {"utf8"=>"✓", "authenticity_token"=>"awFEib2G6pgWu6CcjQPzHJ2W9rz+bcbWvOlnp2T0xLHmw/HRO61HzM5yNBcQQaP9cFQpd6MnKyibCBPYEUpCjQ==", "product"=>{"name"=>"Jacob", "description"=>"lkjlkjllkjlkj", "price"=>"100.0"}, "commit"=>"Update Product", "id"=>"3"}
  [1m[35mProduct Load (0.1ms)[0m  SELECT  "products".* FROM "products" WHERE "products"."id" = ? LIMIT 1  [["id", 3]]
Unpermitted parameters: name, description, price
  [1m[36m (0.2ms)[0m  [1mbegin transaction[0m
  [1m[35mProduct Exists (0.2ms)[0m  SELECT  1 AS one FROM "products" WHERE (LOWER("products"."name") = LOWER('kljjlklkjklj') AND "products"."id" != 3) LIMIT 1
  [1m[36m (0.1ms)[0m  [1mcommit transaction[0m
Redirected to http://localhost:3000/products/3
Completed 302 Found in 6ms (ActiveRecord: 0.5ms)


Started GET "/products/3" for ::1 at 2016-02-03 16:15:56 -0800
Processing by ProductsController#show as HTML
  Parameters: {"id"=>"3"}
  [1m[35mProduct Load (0.1ms)[0m  SELECT  "products".* FROM "products" WHERE "products"."id" = ? LIMIT 1  [["id", 3]]
  Rendered products/show.html.erb within layouts/application (1.0ms)
Completed 200 OK in 32ms (Views: 30.6ms | ActiveRecord: 0.1ms)


Started GET "/products/3/edit" for ::1 at 2016-02-03 16:15:58 -0800
Processing by ProductsController#edit as HTML
  Parameters: {"id"=>"3"}
  [1m[36mProduct Load (0.3ms)[0m  [1mSELECT  "products".* FROM "products" WHERE "products"."id" = ? LIMIT 1[0m  [["id", 3]]
  Rendered products/edit.html.erb within layouts/application (1.9ms)
Completed 200 OK in 23ms (Views: 21.8ms | ActiveRecord: 0.3ms)


Started GET "/products/3/edit" for ::1 at 2016-02-03 16:16:43 -0800
Processing by ProductsController#edit as HTML
  Parameters: {"id"=>"3"}
  [1m[35mProduct Load (0.4ms)[0m  SELECT  "products".* FROM "products" WHERE "products"."id" = ? LIMIT 1  [["id", 3]]
  Rendered products/edit.html.erb within layouts/application (10.8ms)
Completed 200 OK in 129ms (Views: 93.0ms | ActiveRecord: 1.9ms)


Started GET "/assets/product.self-e3b0c44298fc1c149afbf4c8996fb92427ae41e4649b934ca495991b7852b855.css?body=1" for ::1 at 2016-02-03 16:16:43 -0800


Started GET "/assets/products.self-e3b0c44298fc1c149afbf4c8996fb92427ae41e4649b934ca495991b7852b855.css?body=1" for ::1 at 2016-02-03 16:16:43 -0800


Started GET "/assets/jquery.self-c64a74367bda6ef8b860f19e74df08927ca99d2be2ac934e9e92d5fd361e0da4.js?body=1" for ::1 at 2016-02-03 16:16:43 -0800


Started GET "/assets/jquery_ujs.self-d602bdfe68ffc63b9f9cc512872aa3cfff046228a0a36e90dd476e8ef54c1b09.js?body=1" for ::1 at 2016-02-03 16:16:43 -0800


Started GET "/assets/application.self-e80e8f2318043e8af94dddc2adad5a4f09739a8ebb323b3ab31cd71d45fd9113.css?body=1" for ::1 at 2016-02-03 16:16:43 -0800


Started GET "/assets/turbolinks.self-c37727e9bd6b2735da5c311aa83fead54ed0be6cc8bd9a65309e9c5abe2cbfff.js?body=1" for ::1 at 2016-02-03 16:16:43 -0800


Started GET "/assets/product.self-877aef30ae1b040ab8a3aba4e3e309a11d7f2612f44dde450b5c157aa5f95c05.js?body=1" for ::1 at 2016-02-03 16:16:43 -0800


Started GET "/assets/products.self-877aef30ae1b040ab8a3aba4e3e309a11d7f2612f44dde450b5c157aa5f95c05.js?body=1" for ::1 at 2016-02-03 16:16:43 -0800


Started GET "/assets/application.self-3b8dabdc891efe46b9a144b400ad69e37d7e5876bdc39dee783419a69d7ca819.js?body=1" for ::1 at 2016-02-03 16:16:43 -0800


Started PATCH "/products/3" for ::1 at 2016-02-03 16:16:47 -0800
Processing by ProductsController#update as HTML
  Parameters: {"utf8"=>"✓", "authenticity_token"=>"Efpnv85kvfgTbA/Tv95Un63NKvqImtSdxj8dLFnqNy6cONLnSE8QrMulm1ginAR+QA/1MdXQOWPh3mlTLFSxEg==", "product"=>{"name"=>"Jacob", "description"=>"lkjlkjllkjlkj", "price"=>"100.0"}, "commit"=>"Update Product", "id"=>"3"}
  [1m[36mProduct Load (0.2ms)[0m  [1mSELECT  "products".* FROM "products" WHERE "products"."id" = ? LIMIT 1[0m  [["id", 3]]
  [1m[35m (0.4ms)[0m  begin transaction
  [1m[36mProduct Exists (0.2ms)[0m  [1mSELECT  1 AS one FROM "products" WHERE (LOWER("products"."name") = LOWER('Jacob') AND "products"."id" != 3) LIMIT 1[0m
  [1m[35mSQL (0.5ms)[0m  UPDATE "products" SET "name" = ?, "updated_at" = ? WHERE "products"."id" = ?  [["name", "Jacob"], ["updated_at", "2016-02-04 00:16:47.648067"], ["id", 3]]
  [1m[36m (0.9ms)[0m  [1mcommit transaction[0m
Redirected to http://localhost:3000/products/3
Completed 302 Found in 15ms (ActiveRecord: 2.1ms)


Started GET "/products/3" for ::1 at 2016-02-03 16:16:47 -0800
Processing by ProductsController#show as HTML
  Parameters: {"id"=>"3"}
  [1m[35mProduct Load (0.1ms)[0m  SELECT  "products".* FROM "products" WHERE "products"."id" = ? LIMIT 1  [["id", 3]]
  Rendered products/show.html.erb within layouts/application (3.9ms)
Completed 200 OK in 47ms (Views: 45.5ms | ActiveRecord: 0.1ms)


Started DELETE "/products/3" for ::1 at 2016-02-03 16:16:53 -0800
Processing by ProductsController#destroy as HTML
  Parameters: {"authenticity_token"=>"4MwkI04G3Ebmp5gfxke5OoWa6Wyjb6By7S6++sMhqZVtDpF7yC1xEj5uDJRbBenbaFg2p/4lTYzKz8qFtp8vqQ==", "id"=>"3"}
  [1m[36mProduct Load (0.2ms)[0m  [1mSELECT  "products".* FROM "products" WHERE "products"."id" = ? LIMIT 1[0m  [["id", 3]]
  [1m[35m (0.3ms)[0m  begin transaction
  [1m[36mSQL (0.4ms)[0m  [1mDELETE FROM "products" WHERE "products"."id" = ?[0m  [["id", 3]]
  [1m[35m (0.9ms)[0m  commit transaction
Redirected to http://localhost:3000/products/3
Completed 302 Found in 7ms (ActiveRecord: 1.8ms)


Started GET "/products/3" for ::1 at 2016-02-03 16:16:53 -0800
Processing by ProductsController#show as HTML
  Parameters: {"id"=>"3"}
  [1m[36mProduct Load (0.1ms)[0m  [1mSELECT  "products".* FROM "products" WHERE "products"."id" = ? LIMIT 1[0m  [["id", 3]]
Completed 404 Not Found in 3ms (ActiveRecord: 0.1ms)

ActiveRecord::RecordNotFound (Couldn't find Product with 'id'=3):
  app/controllers/products_controller.rb:18:in `show'


  Rendered /Users/jacobtran/.rbenv/versions/2.2.3/lib/ruby/gems/2.2.0/gems/actionpack-4.2.5.1/lib/action_dispatch/middleware/templates/rescues/_source.erb (8.7ms)
  Rendered /Users/jacobtran/.rbenv/versions/2.2.3/lib/ruby/gems/2.2.0/gems/actionpack-4.2.5.1/lib/action_dispatch/middleware/templates/rescues/_trace.html.erb (2.5ms)
  Rendered /Users/jacobtran/.rbenv/versions/2.2.3/lib/ruby/gems/2.2.0/gems/actionpack-4.2.5.1/lib/action_dispatch/middleware/templates/rescues/_request_and_response.html.erb (1.1ms)
  Rendered /Users/jacobtran/.rbenv/versions/2.2.3/lib/ruby/gems/2.2.0/gems/actionpack-4.2.5.1/lib/action_dispatch/middleware/templates/rescues/diagnostics.html.erb within rescues/layout (86.9ms)
  Rendered /Users/jacobtran/.rbenv/versions/2.2.3/lib/ruby/gems/2.2.0/gems/web-console-2.3.0/lib/web_console/templates/_markup.html.erb (0.5ms)
  Rendered /Users/jacobtran/.rbenv/versions/2.2.3/lib/ruby/gems/2.2.0/gems/web-console-2.3.0/lib/web_console/templates/_inner_console_markup.html.erb within layouts/inlined_string (0.6ms)
  Rendered /Users/jacobtran/.rbenv/versions/2.2.3/lib/ruby/gems/2.2.0/gems/web-console-2.3.0/lib/web_console/templates/_prompt_box_markup.html.erb within layouts/inlined_string (0.3ms)
  Rendered /Users/jacobtran/.rbenv/versions/2.2.3/lib/ruby/gems/2.2.0/gems/web-console-2.3.0/lib/web_console/templates/style.css.erb within layouts/inlined_string (0.7ms)
  Rendered /Users/jacobtran/.rbenv/versions/2.2.3/lib/ruby/gems/2.2.0/gems/web-console-2.3.0/lib/web_console/templates/console.js.erb within layouts/javascript (70.8ms)
  Rendered /Users/jacobtran/.rbenv/versions/2.2.3/lib/ruby/gems/2.2.0/gems/web-console-2.3.0/lib/web_console/templates/main.js.erb within layouts/javascript (0.6ms)
  Rendered /Users/jacobtran/.rbenv/versions/2.2.3/lib/ruby/gems/2.2.0/gems/web-console-2.3.0/lib/web_console/templates/error_page.js.erb within layouts/javascript (0.7ms)
  Rendered /Users/jacobtran/.rbenv/versions/2.2.3/lib/ruby/gems/2.2.0/gems/web-console-2.3.0/lib/web_console/templates/index.html.erb (162.4ms)


Started GET "/products/3" for ::1 at 2016-02-03 16:17:37 -0800
Processing by ProductsController#show as HTML
  Parameters: {"id"=>"3"}
  [1m[35mProduct Load (0.2ms)[0m  SELECT  "products".* FROM "products" WHERE "products"."id" = ? LIMIT 1  [["id", 3]]
Completed 404 Not Found in 22ms (ActiveRecord: 1.3ms)

ActiveRecord::RecordNotFound (Couldn't find Product with 'id'=3):
  app/controllers/products_controller.rb:18:in `show'


  Rendered /Users/jacobtran/.rbenv/versions/2.2.3/lib/ruby/gems/2.2.0/gems/actionpack-4.2.5.1/lib/action_dispatch/middleware/templates/rescues/_source.erb (6.9ms)
  Rendered /Users/jacobtran/.rbenv/versions/2.2.3/lib/ruby/gems/2.2.0/gems/actionpack-4.2.5.1/lib/action_dispatch/middleware/templates/rescues/_trace.html.erb (4.9ms)
  Rendered /Users/jacobtran/.rbenv/versions/2.2.3/lib/ruby/gems/2.2.0/gems/actionpack-4.2.5.1/lib/action_dispatch/middleware/templates/rescues/_request_and_response.html.erb (1.7ms)
  Rendered /Users/jacobtran/.rbenv/versions/2.2.3/lib/ruby/gems/2.2.0/gems/actionpack-4.2.5.1/lib/action_dispatch/middleware/templates/rescues/diagnostics.html.erb within rescues/layout (75.5ms)
  Rendered /Users/jacobtran/.rbenv/versions/2.2.3/lib/ruby/gems/2.2.0/gems/web-console-2.3.0/lib/web_console/templates/_markup.html.erb (0.5ms)
  Rendered /Users/jacobtran/.rbenv/versions/2.2.3/lib/ruby/gems/2.2.0/gems/web-console-2.3.0/lib/web_console/templates/_inner_console_markup.html.erb within layouts/inlined_string (0.4ms)
  Rendered /Users/jacobtran/.rbenv/versions/2.2.3/lib/ruby/gems/2.2.0/gems/web-console-2.3.0/lib/web_console/templates/_prompt_box_markup.html.erb within layouts/inlined_string (0.3ms)
  Rendered /Users/jacobtran/.rbenv/versions/2.2.3/lib/ruby/gems/2.2.0/gems/web-console-2.3.0/lib/web_console/templates/style.css.erb within layouts/inlined_string (0.4ms)
  Rendered /Users/jacobtran/.rbenv/versions/2.2.3/lib/ruby/gems/2.2.0/gems/web-console-2.3.0/lib/web_console/templates/console.js.erb within layouts/javascript (62.5ms)
  Rendered /Users/jacobtran/.rbenv/versions/2.2.3/lib/ruby/gems/2.2.0/gems/web-console-2.3.0/lib/web_console/templates/main.js.erb within layouts/javascript (0.6ms)
  Rendered /Users/jacobtran/.rbenv/versions/2.2.3/lib/ruby/gems/2.2.0/gems/web-console-2.3.0/lib/web_console/templates/error_page.js.erb within layouts/javascript (0.5ms)
  Rendered /Users/jacobtran/.rbenv/versions/2.2.3/lib/ruby/gems/2.2.0/gems/web-console-2.3.0/lib/web_console/templates/index.html.erb (145.8ms)


Started GET "/" for ::1 at 2016-02-03 16:17:42 -0800
Processing by ProductsController#index as HTML
  [1m[36mProduct Load (0.2ms)[0m  [1mSELECT "products".* FROM "products"[0m
  Rendered products/index.html.erb within layouts/application (10.0ms)
Completed 200 OK in 76ms (Views: 74.7ms | ActiveRecord: 0.2ms)


Started GET "/products/4" for ::1 at 2016-02-03 16:17:44 -0800
Processing by ProductsController#show as HTML
  Parameters: {"id"=>"4"}
  [1m[35mProduct Load (0.3ms)[0m  SELECT  "products".* FROM "products" WHERE "products"."id" = ? LIMIT 1  [["id", 4]]
  Rendered products/show.html.erb within layouts/application (3.8ms)
Completed 200 OK in 51ms (Views: 48.5ms | ActiveRecord: 0.3ms)


Started DELETE "/products/4" for ::1 at 2016-02-03 16:17:45 -0800
Processing by ProductsController#destroy as HTML
  Parameters: {"authenticity_token"=>"Uho9j8AXuJmIFNQeVYLVIJXcNg5NFH/UZ98/N7T69Bvf2IjXRjwVzVDdQJXIwIXBeB7pxRBekipAPktIwURyJw==", "id"=>"4"}
  [1m[36mProduct Load (0.1ms)[0m  [1mSELECT  "products".* FROM "products" WHERE "products"."id" = ? LIMIT 1[0m  [["id", 4]]
  [1m[35m (0.1ms)[0m  begin transaction
  [1m[36mSQL (0.4ms)[0m  [1mDELETE FROM "products" WHERE "products"."id" = ?[0m  [["id", 4]]
  [1m[35m (1.0ms)[0m  commit transaction
Redirected to http://localhost:3000/products
Completed 302 Found in 5ms (ActiveRecord: 1.6ms)


Started GET "/products" for ::1 at 2016-02-03 16:17:45 -0800
Processing by ProductsController#index as HTML
  [1m[36mProduct Load (0.2ms)[0m  [1mSELECT "products".* FROM "products"[0m
  Rendered products/index.html.erb within layouts/application (36.4ms)
Completed 200 OK in 66ms (Views: 65.3ms | ActiveRecord: 0.2ms)


Started GET "/products" for ::1 at 2016-02-03 16:18:40 -0800
Processing by ProductsController#index as HTML
  [1m[35mProduct Load (0.8ms)[0m  SELECT "products".* FROM "products"
  Rendered products/index.html.erb within layouts/application (12.8ms)
Completed 200 OK in 81ms (Views: 73.2ms | ActiveRecord: 0.8ms)


Started GET "/assets/products.self-e3b0c44298fc1c149afbf4c8996fb92427ae41e4649b934ca495991b7852b855.css?body=1" for ::1 at 2016-02-03 16:18:40 -0800


Started GET "/assets/product.self-e3b0c44298fc1c149afbf4c8996fb92427ae41e4649b934ca495991b7852b855.css?body=1" for ::1 at 2016-02-03 16:18:40 -0800


Started GET "/assets/jquery.self-c64a74367bda6ef8b860f19e74df08927ca99d2be2ac934e9e92d5fd361e0da4.js?body=1" for ::1 at 2016-02-03 16:18:40 -0800


Started GET "/assets/application.self-e80e8f2318043e8af94dddc2adad5a4f09739a8ebb323b3ab31cd71d45fd9113.css?body=1" for ::1 at 2016-02-03 16:18:40 -0800


Started GET "/assets/product.self-877aef30ae1b040ab8a3aba4e3e309a11d7f2612f44dde450b5c157aa5f95c05.js?body=1" for ::1 at 2016-02-03 16:18:40 -0800


Started GET "/assets/jquery_ujs.self-d602bdfe68ffc63b9f9cc512872aa3cfff046228a0a36e90dd476e8ef54c1b09.js?body=1" for ::1 at 2016-02-03 16:18:40 -0800


Started GET "/assets/turbolinks.self-c37727e9bd6b2735da5c311aa83fead54ed0be6cc8bd9a65309e9c5abe2cbfff.js?body=1" for ::1 at 2016-02-03 16:18:40 -0800


Started GET "/assets/products.self-877aef30ae1b040ab8a3aba4e3e309a11d7f2612f44dde450b5c157aa5f95c05.js?body=1" for ::1 at 2016-02-03 16:18:40 -0800


Started GET "/assets/application.self-3b8dabdc891efe46b9a144b400ad69e37d7e5876bdc39dee783419a69d7ca819.js?body=1" for ::1 at 2016-02-03 16:18:40 -0800


Started GET "/products/new" for ::1 at 2016-02-03 16:18:46 -0800
Processing by ProductsController#new as HTML
  Rendered products/new.html.erb within layouts/application (12.7ms)
Completed 200 OK in 48ms (Views: 45.6ms | ActiveRecord: 0.0ms)


Started POST "/products" for ::1 at 2016-02-03 16:18:49 -0800
Processing by ProductsController#create as HTML
  Parameters: {"utf8"=>"✓", "authenticity_token"=>"tNtSbY9NiNR532uL+bLJ+KASJBQqk0pkX4F/DkBS/Ts5Gec1CWYlgKEW/wBk8JkZTdD733fZp5p4YAtxNex7Bw==", "product"=>{"name"=>"lkjjlkj", "description"=>"lkjlkjl", "price"=>"89"}, "commit"=>"Create Product"}
  [1m[36m (0.3ms)[0m  [1mbegin transaction[0m
  [1m[35mProduct Exists (0.2ms)[0m  SELECT  1 AS one FROM "products" WHERE LOWER("products"."name") = LOWER('lkjjlkj') LIMIT 1
  [1m[36mSQL (0.5ms)[0m  [1mINSERT INTO "products" ("name", "description", "price", "created_at", "updated_at") VALUES (?, ?, ?, ?, ?)[0m  [["name", "lkjjlkj"], ["description", "lkjlkjl"], ["price", 89.0], ["created_at", "2016-02-04 00:18:50.082887"], ["updated_at", "2016-02-04 00:18:50.082887"]]
  [1m[35m (9.5ms)[0m  commit transaction
  Rendered text template (0.1ms)
Completed 200 OK in 101ms (Views: 0.8ms | ActiveRecord: 10.5ms)


Started GET "/" for ::1 at 2016-02-03 16:18:53 -0800
Processing by ProductsController#index as HTML
  [1m[36mProduct Load (0.2ms)[0m  [1mSELECT "products".* FROM "products"[0m
  Rendered products/index.html.erb within layouts/application (1.7ms)
Completed 200 OK in 27ms (Views: 25.8ms | ActiveRecord: 0.2ms)


Started GET "/products/5" for ::1 at 2016-02-03 16:18:54 -0800
Processing by ProductsController#show as HTML
  Parameters: {"id"=>"5"}
  [1m[35mProduct Load (0.1ms)[0m  SELECT  "products".* FROM "products" WHERE "products"."id" = ? LIMIT 1  [["id", 5]]
  Rendered products/show.html.erb within layouts/application (5.3ms)
Completed 200 OK in 41ms (Views: 39.3ms | ActiveRecord: 0.1ms)


Started DELETE "/products/5" for ::1 at 2016-02-03 16:18:55 -0800
Processing by ProductsController#destroy as HTML
  Parameters: {"authenticity_token"=>"4NGnwWb3jfiw4v/iifsrsVlVb/wQA4rQi3VlE2UArGFtExKZ4NwgrGgra2kUuXtQtJewN01JZy6slBFsEL4qXQ==", "id"=>"5"}
  [1m[36mProduct Load (0.1ms)[0m  [1mSELECT  "products".* FROM "products" WHERE "products"."id" = ? LIMIT 1[0m  [["id", 5]]
  [1m[35m (0.1ms)[0m  begin transaction
  [1m[36mSQL (0.4ms)[0m  [1mDELETE FROM "products" WHERE "products"."id" = ?[0m  [["id", 5]]
  [1m[35m (0.9ms)[0m  commit transaction
Redirected to http://localhost:3000/products
Completed 302 Found in 5ms (ActiveRecord: 1.6ms)


Started GET "/products" for ::1 at 2016-02-03 16:18:55 -0800
Processing by ProductsController#index as HTML
  [1m[36mProduct Load (0.2ms)[0m  [1mSELECT "products".* FROM "products"[0m
  Rendered products/index.html.erb within layouts/application (1.9ms)
Completed 200 OK in 125ms (Views: 123.7ms | ActiveRecord: 0.2ms)


Started GET "/products" for ::1 at 2016-02-03 16:19:46 -0800
Processing by ProductsController#index as HTML
  [1m[35mProduct Load (1.0ms)[0m  SELECT "products".* FROM "products"
  Rendered products/index.html.erb within layouts/application (11.7ms)
Completed 200 OK in 92ms (Views: 82.8ms | ActiveRecord: 1.0ms)


Started GET "/assets/products.self-e3b0c44298fc1c149afbf4c8996fb92427ae41e4649b934ca495991b7852b855.css?body=1" for ::1 at 2016-02-03 16:19:46 -0800


Started GET "/assets/jquery.self-c64a74367bda6ef8b860f19e74df08927ca99d2be2ac934e9e92d5fd361e0da4.js?body=1" for ::1 at 2016-02-03 16:19:46 -0800


Started GET "/assets/product.self-e3b0c44298fc1c149afbf4c8996fb92427ae41e4649b934ca495991b7852b855.css?body=1" for ::1 at 2016-02-03 16:19:46 -0800


Started GET "/assets/turbolinks.self-c37727e9bd6b2735da5c311aa83fead54ed0be6cc8bd9a65309e9c5abe2cbfff.js?body=1" for ::1 at 2016-02-03 16:19:46 -0800


Started GET "/assets/application.self-e80e8f2318043e8af94dddc2adad5a4f09739a8ebb323b3ab31cd71d45fd9113.css?body=1" for ::1 at 2016-02-03 16:19:46 -0800


Started GET "/assets/jquery_ujs.self-d602bdfe68ffc63b9f9cc512872aa3cfff046228a0a36e90dd476e8ef54c1b09.js?body=1" for ::1 at 2016-02-03 16:19:46 -0800


Started GET "/assets/product.self-877aef30ae1b040ab8a3aba4e3e309a11d7f2612f44dde450b5c157aa5f95c05.js?body=1" for ::1 at 2016-02-03 16:19:46 -0800


Started GET "/assets/products.self-877aef30ae1b040ab8a3aba4e3e309a11d7f2612f44dde450b5c157aa5f95c05.js?body=1" for ::1 at 2016-02-03 16:19:46 -0800


Started GET "/assets/application.self-3b8dabdc891efe46b9a144b400ad69e37d7e5876bdc39dee783419a69d7ca819.js?body=1" for ::1 at 2016-02-03 16:19:46 -0800


Started GET "/products/6" for ::1 at 2016-02-03 16:19:47 -0800
Processing by ProductsController#show as HTML
  Parameters: {"id"=>"6"}
  [1m[36mProduct Load (0.8ms)[0m  [1mSELECT  "products".* FROM "products" WHERE "products"."id" = ? LIMIT 1[0m  [["id", 6]]
  Rendered products/show.html.erb within layouts/application (7.7ms)
Completed 200 OK in 90ms (Views: 87.4ms | ActiveRecord: 0.8ms)


Started DELETE "/products/6" for ::1 at 2016-02-03 16:19:51 -0800
Processing by ProductsController#destroy as HTML
  Parameters: {"authenticity_token"=>"+fVkGLHLPwnVm9Kwp6UB6uLqwl0F4rV4FWg7cPbtG0J0N9FAN+CSXQ1SRjs651ELDygdllioWIYyiU8Pg1Odfg==", "id"=>"6"}
  [1m[35mProduct Load (0.1ms)[0m  SELECT  "products".* FROM "products" WHERE "products"."id" = ? LIMIT 1  [["id", 6]]
  [1m[36m (0.3ms)[0m  [1mbegin transaction[0m
  [1m[35mSQL (0.4ms)[0m  DELETE FROM "products" WHERE "products"."id" = ?  [["id", 6]]
  [1m[36m (1.0ms)[0m  [1mcommit transaction[0m
Redirected to http://localhost:3000/products
Completed 302 Found in 6ms (ActiveRecord: 1.9ms)


Started GET "/products" for ::1 at 2016-02-03 16:19:51 -0800
Processing by ProductsController#index as HTML
  [1m[35mProduct Load (0.2ms)[0m  SELECT "products".* FROM "products"
  Rendered products/index.html.erb within layouts/application (0.6ms)
Completed 200 OK in 41ms (Views: 40.6ms | ActiveRecord: 0.2ms)


Started GET "/products/new" for ::1 at 2016-02-08 22:52:15 -0800
Processing by ProductsController#new as HTML
  Rendered products/new.html.erb within layouts/application (518.9ms)
Completed 200 OK in 2922ms (Views: 1799.2ms | ActiveRecord: 0.0ms)


Started GET "/assets/product.self-e3b0c44298fc1c149afbf4c8996fb92427ae41e4649b934ca495991b7852b855.css?body=1" for ::1 at 2016-02-08 22:52:22 -0800


Started POST "/products" for ::1 at 2016-02-08 22:52:31 -0800
Processing by ProductsController#create as HTML
  Parameters: {"utf8"=>"✓", "authenticity_token"=>"jihnCZI8mJxwT9uKv10N+unv8+Dq5EStTECITh7gLFMD6tJRFBc1yKiGTwEiH10bBC0sK7euqVNrofwxa16qbw==", "product"=>{"name"=>"Batteries", "description"=>";alksjdf alksdfj ", "price"=>"10"}, "commit"=>"Create Product"}
  [1m[36m (21.7ms)[0m  [1mbegin transaction[0m
  [1m[35mProduct Exists (35.4ms)[0m  SELECT  1 AS one FROM "products" WHERE LOWER("products"."name") = LOWER('Batteries') LIMIT 1
  [1m[36mSQL (21.5ms)[0m  [1mINSERT INTO "products" ("name", "description", "price", "created_at", "updated_at") VALUES (?, ?, ?, ?, ?)[0m  [["name", "Batteries"], ["description", ";alksjdf alksdfj "], ["price", 10.0], ["created_at", "2016-02-09 06:52:32.843765"], ["updated_at", "2016-02-09 06:52:32.843765"]]
  [1m[35m (2.3ms)[0m  commit transaction
  Rendered text template (0.2ms)
Completed 200 OK in 1284ms (Views: 68.8ms | ActiveRecord: 81.0ms)


Started GET "/" for ::1 at 2016-02-08 22:52:38 -0800
Processing by ProductsController#index as HTML
  [1m[36mProduct Load (2.1ms)[0m  [1mSELECT "products".* FROM "products"[0m
  Rendered products/index.html.erb within layouts/application (35.3ms)
Completed 200 OK in 270ms (Views: 254.7ms | ActiveRecord: 2.1ms)


Started GET "/products/7" for ::1 at 2016-02-08 22:52:41 -0800
Processing by ProductsController#show as HTML
  Parameters: {"id"=>"7"}
  [1m[35mProduct Load (0.6ms)[0m  SELECT  "products".* FROM "products" WHERE "products"."id" = ? LIMIT 1  [["id", 7]]
  Rendered products/show.html.erb within layouts/application (47.3ms)
Completed 200 OK in 2150ms (Views: 2125.4ms | ActiveRecord: 0.6ms)


Started POST "/products" for ::1 at 2016-02-08 22:53:00 -0800
Processing by ProductsController#create as HTML
  Parameters: {"utf8"=>"✓", "authenticity_token"=>"ffLBoKjwSA6waZ0PdP781c/RYlUb/A86+cZvCo59w0OpUwnziWV6ZL5a2ET5cCdi4YMbEym80pKLTwQDpFxE1Q==", "product"=>{"name"=>"a alksdjf ", "description"=>"lasjkdf", "price"=>"10"}, "commit"=>"Create Product"}
Can't verify CSRF token authenticity
Completed 422 Unprocessable Entity in 68ms (ActiveRecord: 0.0ms)

ActionController::InvalidAuthenticityToken (ActionController::InvalidAuthenticityToken):
  actionpack (4.2.5.1) lib/action_controller/metal/request_forgery_protection.rb:181:in `handle_unverified_request'
  actionpack (4.2.5.1) lib/action_controller/metal/request_forgery_protection.rb:209:in `handle_unverified_request'
  actionpack (4.2.5.1) lib/action_controller/metal/request_forgery_protection.rb:204:in `verify_authenticity_token'
  activesupport (4.2.5.1) lib/active_support/callbacks.rb:432:in `block in make_lambda'
  activesupport (4.2.5.1) lib/active_support/callbacks.rb:164:in `call'
  activesupport (4.2.5.1) lib/active_support/callbacks.rb:164:in `block in halting'
  activesupport (4.2.5.1) lib/active_support/callbacks.rb:504:in `call'
  activesupport (4.2.5.1) lib/active_support/callbacks.rb:504:in `block in call'
  activesupport (4.2.5.1) lib/active_support/callbacks.rb:504:in `each'
  activesupport (4.2.5.1) lib/active_support/callbacks.rb:504:in `call'
  activesupport (4.2.5.1) lib/active_support/callbacks.rb:92:in `__run_callbacks__'
  activesupport (4.2.5.1) lib/active_support/callbacks.rb:778:in `_run_process_action_callbacks'
  activesupport (4.2.5.1) lib/active_support/callbacks.rb:81:in `run_callbacks'
  actionpack (4.2.5.1) lib/abstract_controller/callbacks.rb:19:in `process_action'
  actionpack (4.2.5.1) lib/action_controller/metal/rescue.rb:29:in `process_action'
  actionpack (4.2.5.1) lib/action_controller/metal/instrumentation.rb:32:in `block in process_action'
  activesupport (4.2.5.1) lib/active_support/notifications.rb:164:in `block in instrument'
  activesupport (4.2.5.1) lib/active_support/notifications/instrumenter.rb:20:in `instrument'
  activesupport (4.2.5.1) lib/active_support/notifications.rb:164:in `instrument'
  actionpack (4.2.5.1) lib/action_controller/metal/instrumentation.rb:30:in `process_action'
  actionpack (4.2.5.1) lib/action_controller/metal/params_wrapper.rb:250:in `process_action'
  activerecord (4.2.5.1) lib/active_record/railties/controller_runtime.rb:18:in `process_action'
  actionpack (4.2.5.1) lib/abstract_controller/base.rb:137:in `process'
  actionview (4.2.5.1) lib/action_view/rendering.rb:30:in `process'
  actionpack (4.2.5.1) lib/action_controller/metal.rb:196:in `dispatch'
  actionpack (4.2.5.1) lib/action_controller/metal/rack_delegation.rb:13:in `dispatch'
  actionpack (4.2.5.1) lib/action_controller/metal.rb:237:in `block in action'
  actionpack (4.2.5.1) lib/action_dispatch/routing/route_set.rb:74:in `call'
  actionpack (4.2.5.1) lib/action_dispatch/routing/route_set.rb:74:in `dispatch'
  actionpack (4.2.5.1) lib/action_dispatch/routing/route_set.rb:43:in `serve'
  actionpack (4.2.5.1) lib/action_dispatch/journey/router.rb:43:in `block in serve'
  actionpack (4.2.5.1) lib/action_dispatch/journey/router.rb:30:in `each'
  actionpack (4.2.5.1) lib/action_dispatch/journey/router.rb:30:in `serve'
  actionpack (4.2.5.1) lib/action_dispatch/routing/route_set.rb:815:in `call'
  rack (1.6.4) lib/rack/etag.rb:24:in `call'
  rack (1.6.4) lib/rack/conditionalget.rb:38:in `call'
  rack (1.6.4) lib/rack/head.rb:13:in `call'
  actionpack (4.2.5.1) lib/action_dispatch/middleware/params_parser.rb:27:in `call'
  actionpack (4.2.5.1) lib/action_dispatch/middleware/flash.rb:260:in `call'
  rack (1.6.4) lib/rack/session/abstract/id.rb:225:in `context'
  rack (1.6.4) lib/rack/session/abstract/id.rb:220:in `call'
  actionpack (4.2.5.1) lib/action_dispatch/middleware/cookies.rb:560:in `call'
  activerecord (4.2.5.1) lib/active_record/query_cache.rb:36:in `call'
  activerecord (4.2.5.1) lib/active_record/connection_adapters/abstract/connection_pool.rb:653:in `call'
  activerecord (4.2.5.1) lib/active_record/migration.rb:377:in `call'
  actionpack (4.2.5.1) lib/action_dispatch/middleware/callbacks.rb:29:in `block in call'
  activesupport (4.2.5.1) lib/active_support/callbacks.rb:88:in `__run_callbacks__'
  activesupport (4.2.5.1) lib/active_support/callbacks.rb:778:in `_run_call_callbacks'
  activesupport (4.2.5.1) lib/active_support/callbacks.rb:81:in `run_callbacks'
  actionpack (4.2.5.1) lib/action_dispatch/middleware/callbacks.rb:27:in `call'
  actionpack (4.2.5.1) lib/action_dispatch/middleware/reloader.rb:73:in `call'
  actionpack (4.2.5.1) lib/action_dispatch/middleware/remote_ip.rb:78:in `call'
  actionpack (4.2.5.1) lib/action_dispatch/middleware/debug_exceptions.rb:17:in `call'
  web-console (2.3.0) lib/web_console/middleware.rb:28:in `block in call'
  web-console (2.3.0) lib/web_console/middleware.rb:18:in `catch'
  web-console (2.3.0) lib/web_console/middleware.rb:18:in `call'
  actionpack (4.2.5.1) lib/action_dispatch/middleware/show_exceptions.rb:30:in `call'
  railties (4.2.5.1) lib/rails/rack/logger.rb:38:in `call_app'
  railties (4.2.5.1) lib/rails/rack/logger.rb:20:in `block in call'
  activesupport (4.2.5.1) lib/active_support/tagged_logging.rb:68:in `block in tagged'
  activesupport (4.2.5.1) lib/active_support/tagged_logging.rb:26:in `tagged'
  activesupport (4.2.5.1) lib/active_support/tagged_logging.rb:68:in `tagged'
  railties (4.2.5.1) lib/rails/rack/logger.rb:20:in `call'
  actionpack (4.2.5.1) lib/action_dispatch/middleware/request_id.rb:21:in `call'
  rack (1.6.4) lib/rack/methodoverride.rb:22:in `call'
  rack (1.6.4) lib/rack/runtime.rb:18:in `call'
  activesupport (4.2.5.1) lib/active_support/cache/strategy/local_cache_middleware.rb:28:in `call'
  rack (1.6.4) lib/rack/lock.rb:17:in `call'
  actionpack (4.2.5.1) lib/action_dispatch/middleware/static.rb:116:in `call'
  rack (1.6.4) lib/rack/sendfile.rb:113:in `call'
  railties (4.2.5.1) lib/rails/engine.rb:518:in `call'
  railties (4.2.5.1) lib/rails/application.rb:165:in `call'
  rack (1.6.4) lib/rack/lock.rb:17:in `call'
  rack (1.6.4) lib/rack/content_length.rb:15:in `call'
  rack (1.6.4) lib/rack/handler/webrick.rb:88:in `service'
  /Users/jacobtran/.rbenv/versions/2.2.3/lib/ruby/2.2.0/webrick/httpserver.rb:138:in `service'
  /Users/jacobtran/.rbenv/versions/2.2.3/lib/ruby/2.2.0/webrick/httpserver.rb:94:in `run'
  /Users/jacobtran/.rbenv/versions/2.2.3/lib/ruby/2.2.0/webrick/server.rb:294:in `block in start_thread'


  Rendered /Users/jacobtran/.rbenv/versions/2.2.3/lib/ruby/gems/2.2.0/gems/actionpack-4.2.5.1/lib/action_dispatch/middleware/templates/rescues/_source.erb (108.4ms)
  Rendered /Users/jacobtran/.rbenv/versions/2.2.3/lib/ruby/gems/2.2.0/gems/actionpack-4.2.5.1/lib/action_dispatch/middleware/templates/rescues/_trace.html.erb (41.1ms)
  Rendered /Users/jacobtran/.rbenv/versions/2.2.3/lib/ruby/gems/2.2.0/gems/actionpack-4.2.5.1/lib/action_dispatch/middleware/templates/rescues/_request_and_response.html.erb (27.2ms)
  Rendered /Users/jacobtran/.rbenv/versions/2.2.3/lib/ruby/gems/2.2.0/gems/actionpack-4.2.5.1/lib/action_dispatch/middleware/templates/rescues/diagnostics.html.erb within rescues/layout (360.1ms)
  Rendered /Users/jacobtran/.rbenv/versions/2.2.3/lib/ruby/gems/2.2.0/gems/web-console-2.3.0/lib/web_console/templates/_markup.html.erb (112.3ms)
  Rendered /Users/jacobtran/.rbenv/versions/2.2.3/lib/ruby/gems/2.2.0/gems/web-console-2.3.0/lib/web_console/templates/_inner_console_markup.html.erb within layouts/inlined_string (45.8ms)
  Rendered /Users/jacobtran/.rbenv/versions/2.2.3/lib/ruby/gems/2.2.0/gems/web-console-2.3.0/lib/web_console/templates/_prompt_box_markup.html.erb within layouts/inlined_string (1.2ms)
  Rendered /Users/jacobtran/.rbenv/versions/2.2.3/lib/ruby/gems/2.2.0/gems/web-console-2.3.0/lib/web_console/templates/style.css.erb within layouts/inlined_string (1.0ms)
  Rendered /Users/jacobtran/.rbenv/versions/2.2.3/lib/ruby/gems/2.2.0/gems/web-console-2.3.0/lib/web_console/templates/console.js.erb within layouts/javascript (260.5ms)
  Rendered /Users/jacobtran/.rbenv/versions/2.2.3/lib/ruby/gems/2.2.0/gems/web-console-2.3.0/lib/web_console/templates/main.js.erb within layouts/javascript (5.1ms)
  Rendered /Users/jacobtran/.rbenv/versions/2.2.3/lib/ruby/gems/2.2.0/gems/web-console-2.3.0/lib/web_console/templates/error_page.js.erb within layouts/javascript (5.8ms)
  Rendered /Users/jacobtran/.rbenv/versions/2.2.3/lib/ruby/gems/2.2.0/gems/web-console-2.3.0/lib/web_console/templates/index.html.erb (562.9ms)


Started GET "/" for ::1 at 2016-02-08 22:53:15 -0800
Processing by ProductsController#index as HTML
  [1m[36mProduct Load (2.8ms)[0m  [1mSELECT "products".* FROM "products"[0m
  Rendered products/index.html.erb within layouts/application (25.4ms)
Completed 200 OK in 242ms (Views: 229.2ms | ActiveRecord: 2.8ms)
